favorite/build/intermediates/manifest_merge_blame_file/release/processReleaseMainManifest/manifest-merger-blame-release-report.txt
1<?xml version="1.0" encoding="utf-8"?>
2<manifest xmlns:android="http://schemas.android.com/apk/res/android"
3    xmlns:dist="http://schemas.android.com/apk/distribution"
4    featureSplit="favorite"
5    package="com.example.capstone"
6    android:versionCode="1"
7    android:versionName="1.0" >
8
9    <uses-sdk
10        android:minSdkVersion="24"
11        android:targetSdkVersion="24" />
12
13    <dist:module
13-->src/main/AndroidManifest.xml:5:5-12:19
14        dist:instant="false"
14-->src/main/AndroidManifest.xml:6:9-29
15        dist:title="@string/title_favorite" >
15-->src/main/AndroidManifest.xml:7:9-44
16        <dist:delivery>
16-->src/main/AndroidManifest.xml:8:9-10:25
17            <dist:install-time />
17-->src/main/AndroidManifest.xml:9:13-34
18        </dist:delivery>
19
20        <dist:fusing dist:include="true" />
20-->src/main/AndroidManifest.xml:11:9-44
20-->src/main/AndroidManifest.xml:11:22-41
21    </dist:module>
22
23    <application android:extractNativeLibs="false" >
23-->src/main/AndroidManifest.xml:14:5-28:19
24        <activity
24-->src/main/AndroidManifest.xml:15:9-27:20
25            android:name="com.example.capstone.favorite.FavoriteActivity"
25-->src/main/AndroidManifest.xml:16:13-45
26            android:exported="true"
26-->src/main/AndroidManifest.xml:17:13-36
27            android:splitName="favorite"
28            android:theme="@style/Theme.Capstone" >
28-->src/main/AndroidManifest.xml:18:13-50
29            <intent-filter>
29-->src/main/AndroidManifest.xml:19:13-26:29
30                <action android:name="android.intent.action.VIEW" />
30-->src/main/AndroidManifest.xml:20:17-69
30-->src/main/AndroidManifest.xml:20:25-66
31
32                <category android:name="android.intent.category.DEFAULT" />
32-->src/main/AndroidManifest.xml:21:17-76
32-->src/main/AndroidManifest.xml:21:27-73
33                <category android:name="android.intent.category.BROWSABLE" />
33-->src/main/AndroidManifest.xml:22:17-78
33-->src/main/AndroidManifest.xml:22:27-75
34
35                <data
35-->src/main/AndroidManifest.xml:23:17-25:50
36                    android:host="favorite"
36-->src/main/AndroidManifest.xml:24:21-44
37                    android:scheme="cineverse" />
37-->src/main/AndroidManifest.xml:25:21-47
38            </intent-filter>
39        </activity>
40    </application>
41
42</manifest>